<?xml version="1.0" encoding="UTF-8"?>
<!-- Generated by org.testng.reporters.JUnitReportReporter -->
<testsuite hostname="CPX-6FXNFMZVKVJ" name="com.cucumber.runner.RunCucumberTest" tests="1" failures="0" timestamp="27 Feb 2020 01:14:50 GMT" time="7.796" errors="0">
  <testcase name="feature" time="7.796" classname="com.cucumber.runner.RunCucumberTest"/>
</testsuite> <!-- com.cucumber.runner.RunCucumberTest -->
